<?xml version="1.0" encoding="UTF-8"?>
<!-- Generated by org.testng.reporters.JUnitReportReporter -->
<testsuite hostname="AQMIT-DSK-10280" name="test.Test_Runner" tests="1" failures="0" timestamp="3 Jun 2019 13:00:57 GMT" time="7.200" errors="0">
  <testcase name="feature" time="7.200" classname="test.Test_Runner"/>
</testsuite> <!-- test.Test_Runner -->
